[17:39:54] [main/INFO] (FabricLoader/GameProvider) Loading Minecraft 1.21.1 with Fabric Loader 0.16.9
[17:39:55] [main/INFO] (FabricLoader) Loading 44 mods:
	- fabric-api 0.102.0+1.21.1
	- fabric-api-base 0.4.42+6573ed8c6a
	- fabric-api-lookup-api-v1 1.6.68+b55973446a
	- fabric-biome-api-v1 13.0.29+5bd9f1bc6a
	- fabric-block-api-v1 1.0.22+0af3f5a76a
	- fabric-block-view-api-v2 1.0.10+6573ed8c6a
	- fabric-command-api-v1 1.2.49+f71b366f6a
	- fabric-command-api-v2 2.2.28+6ced4dd96a
	- fabric-commands-v0 0.2.66+df3654b36a
	- fabric-content-registries-v0 8.0.16+b55973446a
	- fabric-convention-tags-v1 2.0.19+7f945d5b6a
	- fabric-convention-tags-v2 2.5.0+c5e2b5c66a
	- fabric-crash-report-info-v1 0.2.29+0af3f5a76a
	- fabric-data-attachment-api-v1 1.1.27+1daea2156a
	- fabric-data-generation-api-v1 20.2.16+16c4ae256a
	- fabric-dimensions-v1 4.0.0+6fc22b996a
	- fabric-entity-events-v1 1.6.12+6fc22b996a
	- fabric-events-interaction-v0 0.7.12+ba9dae066a
	- fabric-game-rule-api-v1 1.0.53+6ced4dd96a
	- fabric-gametest-api-v1 2.0.4+6fc22b996a
	- fabric-item-api-v1 11.0.0+afdfc9216a
	- fabric-item-group-api-v1 4.1.4+780172706a
	- fabric-lifecycle-events-v1 2.3.12+6c1df3606a
	- fabric-loot-api-v2 3.0.14+3f89f5a56a
	- fabric-loot-api-v3 1.0.2+3f89f5a56a
	- fabric-message-api-v1 6.0.13+6573ed8c6a
	- fabric-networking-api-v1 4.2.2+60c3209b6a
	- fabric-object-builder-api-v1 15.2.0+40875a936a
	- fabric-particles-v1 4.0.2+6573ed8c6a
	- fabric-recipe-api-v1 5.0.12+650897126a
	- fabric-registry-sync-v0 5.1.2+60c3209b6a
	- fabric-rendering-data-attachment-v1 0.3.48+73761d2e6a
	- fabric-rendering-fluids-v1 3.1.6+1daea2156a
	- fabric-resource-conditions-api-v1 4.3.0+8dc279b16a
	- fabric-resource-loader-v0 1.3.0+565991296a
	- fabric-screen-handler-api-v1 1.3.86+b55973446a
	- fabric-transfer-api-v1 5.1.16+3dccd3436a
	- fabric-transitive-access-wideners-v1 6.1.0+1daea2156a
	- fabricloader 0.16.9
	- java 21
	- minecraft 1.21.1
	- mixinextras 0.4.1
	- terrablender 4.0.0.2
	- terrium 1.0.0
[17:39:55] [main/INFO] (FabricLoader/Mixin) SpongePowered MIXIN Subsystem Version=0.8.7 Source=file:/C:/Users/tigom/.gradle/caches/modules-2/files-2.1/net.fabricmc/sponge-mixin/0.15.4+mixin.0.8.7/6a12aacc794f1078458433116e9ed42c1cc98096/sponge-mixin-0.15.4+mixin.0.8.7.jar Service=Knot/Fabric Env=SERVER
[17:39:55] [main/INFO] (FabricLoader/Mixin) Loaded Fabric development mappings for mixin remapper!
[17:39:55] [main/INFO] (FabricLoader/Mixin) Compatibility level set to JAVA_17
[17:39:55] [main/INFO] (FabricLoader/Mixin) Compatibility level set to JAVA_21
[17:39:55] [main/WARN] (FabricLoader/Mixin) Error loading class: net/minecraft/client/render/BackgroundRenderer (java.lang.RuntimeException: Cannot load class net.minecraft.client.render.BackgroundRenderer in environment type SERVER)
[17:39:55] [main/WARN] (FabricLoader/Mixin) @Mixin target net.minecraft.client.render.BackgroundRenderer was not found terrium.mixins.json:render.BackgroundRendererMixin from mod terrium
[17:39:55] [main/WARN] (FabricLoader/Mixin) Error loading class: net/minecraft/client/render/Camera (java.lang.RuntimeException: Cannot load class net.minecraft.client.render.Camera in environment type SERVER)
[17:39:55] [main/WARN] (FabricLoader/Mixin) @Mixin target net.minecraft.client.render.Camera was not found terrium.mixins.json:render.CameraMixin from mod terrium
[17:39:55] [main/WARN] (FabricLoader/Mixin) Error loading class: net/minecraft/client/render/Camera (java.lang.RuntimeException: Cannot load class net.minecraft.client.render.Camera in environment type SERVER)
[17:39:55] [main/WARN] (FabricLoader/Mixin) @Mixin target net.minecraft.client.render.Camera was not found terrium.mixins.json:accessors.CameraAccessor from mod terrium
[17:39:55] [main/WARN] (FabricLoader/Mixin) Error loading class: net/minecraft/client/render/WorldRenderer (java.lang.RuntimeException: Cannot load class net.minecraft.client.render.WorldRenderer in environment type SERVER)
[17:39:55] [main/WARN] (FabricLoader/Mixin) @Mixin target net.minecraft.client.render.WorldRenderer was not found terrium.mixins.json:render.CustomLightmapMixin from mod terrium
[17:39:55] [main/WARN] (FabricLoader/Mixin) Error loading class: net/minecraft/client/render/LightmapTextureManager (java.lang.RuntimeException: Cannot load class net.minecraft.client.render.LightmapTextureManager in environment type SERVER)
[17:39:55] [main/WARN] (FabricLoader/Mixin) @Mixin target net.minecraft.client.render.LightmapTextureManager was not found terrium.mixins.json:render.CustomLightmapColorMixin from mod terrium
[17:39:55] [main/WARN] (FabricLoader/Mixin) Error loading class: net/minecraft/client/render/LightmapTextureManager (java.lang.RuntimeException: Cannot load class net.minecraft.client.render.LightmapTextureManager in environment type SERVER)
[17:39:55] [main/WARN] (FabricLoader/Mixin) @Mixin target net.minecraft.client.render.LightmapTextureManager was not found terrium.mixins.json:accessors.LightmapTextureManagerAccessor from mod terrium
[17:39:55] [main/WARN] (FabricLoader/Mixin) Error loading class: net/minecraft/client/render/LightmapTextureManager (java.lang.RuntimeException: Cannot load class net.minecraft.client.render.LightmapTextureManager in environment type SERVER)
[17:39:55] [main/WARN] (FabricLoader/Mixin) @Mixin target net.minecraft.client.render.LightmapTextureManager was not found terrium.mixins.json:render.LightmapTextureManagerMixin from mod terrium
[17:39:55] [main/WARN] (FabricLoader/Mixin) Error loading class: net/minecraft/client/render/WorldRenderer (java.lang.RuntimeException: Cannot load class net.minecraft.client.render.WorldRenderer in environment type SERVER)
[17:39:55] [main/WARN] (FabricLoader/Mixin) @Mixin target net.minecraft.client.render.WorldRenderer was not found terrium.mixins.json:render.WorldRendererMixin from mod terrium
[17:39:56] [main/INFO] (FabricLoader/MixinExtras|Service) Initializing MixinExtras via com.llamalad7.mixinextras.service.MixinExtrasServiceImpl(version=0.4.1).
[17:40:02] [main/INFO] (terrablender) Registered region minecraft:overworld to index 0 for type OVERWORLD
[17:40:02] [main/INFO] (terrablender) Registered region minecraft:nether to index 0 for type NETHER
[17:40:02] [main/INFO] (terrablender) Registered region terrium:overworld to index 1 for type OVERWORLD
[17:40:02] [main/INFO] (terrium) Registering Mod Items for terrium
[17:40:02] [main/INFO] (terrium) Registering Mod Blocks for terrium
[17:40:02] [main/INFO] (terrium) Registering Mod Fluids for terrium
[17:40:02] [main/INFO] (terrium) Registering I0tem Groups for terrium
[17:40:02] [main/INFO] (FabricDataGenHelper) Running data generator for terrium
[17:40:02] [Worker-Main-1/INFO] (terrium) Building registries for Terrium
[17:40:02] [main/ERROR] (FabricDataGenHelper) Failed to run data generation
java.lang.RuntimeException: Failed to run data generator from mod (terrium)
	at knot/net.fabricmc.fabric.impl.datagen.FabricDataGenHelper.runInternal(FabricDataGenHelper.java:156) ~[fabric-data-generation-api-v1-20.2.16+16c4ae256a.jar:?]
	at knot/net.fabricmc.fabric.impl.datagen.FabricDataGenHelper.run(FabricDataGenHelper.java:95) [fabric-data-generation-api-v1-20.2.16+16c4ae256a.jar:?]
	at knot/net.minecraft.server.Main.handler$zej000$fabric-data-generation-api-v1$main(Main.java:1535) [minecraft-merged-28ee7fed7e-1.21.1-net.fabricmc.yarn.1_21_1.1.21.1+build.3-v2.jar:?]
	at knot/net.minecraft.server.Main.main(Main.java:114) [minecraft-merged-28ee7fed7e-1.21.1-net.fabricmc.yarn.1_21_1.1.21.1+build.3-v2.jar:?]
	at net.fabricmc.loader.impl.game.minecraft.MinecraftGameProvider.launch(MinecraftGameProvider.java:480) [fabric-loader-0.16.9.jar:?]
	at net.fabricmc.loader.impl.launch.knot.Knot.launch(Knot.java:74) [fabric-loader-0.16.9.jar:?]
	at net.fabricmc.loader.impl.launch.knot.KnotServer.main(KnotServer.java:23) [fabric-loader-0.16.9.jar:?]
	at net.fabricmc.devlaunchinjector.Main.main(Main.java:86) [dev-launch-injector-0.2.1+build.8.jar:?]
Caused by: java.util.concurrent.CompletionException: java.lang.IllegalArgumentException: Multiple entries with same key: minecraft:worldgen/feature=net.minecraft.registry.RegistryBuilder$StandAloneEntryCreatingLookup@7e09ab81 and minecraft:worldgen/feature=net.minecraft.registry.RegistryBuilder$1@11ea0e00
	at java.base/java.util.concurrent.CompletableFuture.encodeThrowable(CompletableFuture.java:315) ~[?:?]
	at java.base/java.util.concurrent.CompletableFuture.completeThrowable(CompletableFuture.java:320) ~[?:?]
	at java.base/java.util.concurrent.CompletableFuture$AsyncSupply.run$$$capture(CompletableFuture.java:1770) ~[?:?]
	at java.base/java.util.concurrent.CompletableFuture$AsyncSupply.run(CompletableFuture.java) ~[?:?]
	at java.base/java.util.concurrent.CompletableFuture$AsyncSupply.exec(CompletableFuture.java:1760) ~[?:?]
	at java.base/java.util.concurrent.ForkJoinTask.doExec$$$capture(ForkJoinTask.java:387) ~[?:?]
	at java.base/java.util.concurrent.ForkJoinTask.doExec(ForkJoinTask.java) ~[?:?]
	at java.base/java.util.concurrent.ForkJoinPool$WorkQueue.topLevelExec(ForkJoinPool.java:1312) ~[?:?]
	at java.base/java.util.concurrent.ForkJoinPool.scan(ForkJoinPool.java:1843) ~[?:?]
	at java.base/java.util.concurrent.ForkJoinPool.runWorker(ForkJoinPool.java:1808) ~[?:?]
	at java.base/java.util.concurrent.ForkJoinWorkerThread.run(ForkJoinWorkerThread.java:188) ~[?:?]
Caused by: java.lang.IllegalArgumentException: Multiple entries with same key: minecraft:worldgen/feature=net.minecraft.registry.RegistryBuilder$StandAloneEntryCreatingLookup@7e09ab81 and minecraft:worldgen/feature=net.minecraft.registry.RegistryBuilder$1@11ea0e00
	at knot/com.google.common.collect.ImmutableMap.conflictException(ImmutableMap.java:378) ~[guava-32.1.2-jre.jar:?]
	at knot/com.google.common.collect.ImmutableMap.checkNoConflict(ImmutableMap.java:372) ~[guava-32.1.2-jre.jar:?]
	at knot/com.google.common.collect.RegularImmutableMap.checkNoConflictInKeyBucket(RegularImmutableMap.java:246) ~[guava-32.1.2-jre.jar:?]
	at knot/com.google.common.collect.RegularImmutableMap.fromEntryArrayCheckingBucketOverflow(RegularImmutableMap.java:133) ~[guava-32.1.2-jre.jar:?]
	at knot/com.google.common.collect.RegularImmutableMap.fromEntryArray(RegularImmutableMap.java:95) ~[guava-32.1.2-jre.jar:?]
	at knot/com.google.common.collect.ImmutableMap$Builder.build(ImmutableMap.java:572) ~[guava-32.1.2-jre.jar:?]
	at knot/com.google.common.collect.ImmutableMap$Builder.buildOrThrow(ImmutableMap.java:600) ~[guava-32.1.2-jre.jar:?]
	at knot/com.google.common.collect.ImmutableMap$Builder.build(ImmutableMap.java:587) ~[guava-32.1.2-jre.jar:?]
	at knot/net.minecraft.registry.RegistryBuilder$Registries.of(RegistryBuilder.java:147) ~[minecraft-merged-28ee7fed7e-1.21.1-net.fabricmc.yarn.1_21_1.1.21.1+build.3-v2.jar:?]
	at knot/net.minecraft.registry.RegistryBuilder.createBootstrappedRegistries(RegistryBuilder.java:274) ~[minecraft-merged-28ee7fed7e-1.21.1-net.fabricmc.yarn.1_21_1.1.21.1+build.3-v2.jar:?]
	at knot/net.minecraft.registry.RegistryBuilder.createWrapperLookup(RegistryBuilder.java:325) ~[minecraft-merged-28ee7fed7e-1.21.1-net.fabricmc.yarn.1_21_1.1.21.1+build.3-v2.jar:?]
	at knot/net.fabricmc.fabric.impl.datagen.FabricDataGenHelper.createRegistryWrapper(FabricDataGenHelper.java:221) ~[fabric-data-generation-api-v1-20.2.16+16c4ae256a.jar:?]
	at knot/net.fabricmc.fabric.impl.datagen.FabricDataGenHelper.lambda$runInternal$0(FabricDataGenHelper.java:117) ~[fabric-data-generation-api-v1-20.2.16+16c4ae256a.jar:?]
	at java.base/java.util.concurrent.CompletableFuture$AsyncSupply.run$$$capture(CompletableFuture.java:1768) ~[?:?]
	at java.base/java.util.concurrent.CompletableFuture$AsyncSupply.run(CompletableFuture.java) ~[?:?]
	at java.base/java.util.concurrent.CompletableFuture$AsyncSupply.exec(CompletableFuture.java:1760) ~[?:?]
	at java.base/java.util.concurrent.ForkJoinTask.doExec$$$capture(ForkJoinTask.java:387) ~[?:?]
	at java.base/java.util.concurrent.ForkJoinTask.doExec(ForkJoinTask.java) ~[?:?]
	at java.base/java.util.concurrent.ForkJoinPool$WorkQueue.topLevelExec(ForkJoinPool.java:1312) ~[?:?]
	at java.base/java.util.concurrent.ForkJoinPool.scan(ForkJoinPool.java:1843) ~[?:?]
	at java.base/java.util.concurrent.ForkJoinPool.runWorker(ForkJoinPool.java:1808) ~[?:?]
	at java.base/java.util.concurrent.ForkJoinWorkerThread.run(ForkJoinWorkerThread.java:188) ~[?:?]
